<?xml version="1.0" encoding="UTF-8"?>
<!-- Generated by org.testng.reporters.JUnitReportReporter -->
<testsuite hostname="DESKTOP-CSLPBK7" failures="0" tests="1" name="MavenSeleniumJenkin.TC_001" time="6.442" errors="0" timestamp="21 Feb 2018 21:18:48 GMT" skipped="0">
  <testcase classname="MavenSeleniumJenkin.TC_001" name="login" time="6.442"/>
</testsuite> <!-- MavenSeleniumJenkin.TC_001 -->
